[2025-03-21T12:14:33.042+0000] {local_task_job_runner.py:123} INFO - ::group::Pre task execution logs
[2025-03-21T12:14:33.077+0000] {taskinstance.py:2614} INFO - Dependencies all met for dep_context=non-requeueable deps ti=<TaskInstance: download_and_upload_rates.download_file_3 manual__2025-03-21T12:14:31.643436+00:00 [queued]>
[2025-03-21T12:14:33.100+0000] {taskinstance.py:2614} INFO - Dependencies all met for dep_context=requeueable deps ti=<TaskInstance: download_and_upload_rates.download_file_3 manual__2025-03-21T12:14:31.643436+00:00 [queued]>
[2025-03-21T12:14:33.101+0000] {taskinstance.py:2867} INFO - Starting attempt 1 of 2
[2025-03-21T12:14:33.126+0000] {taskinstance.py:2890} INFO - Executing <Task(PythonOperator): download_file_3> on 2025-03-21 12:14:31.643436+00:00
[2025-03-21T12:14:33.140+0000] {logging_mixin.py:190} WARNING - /home/***/.local/lib/python3.12/site-packages/***/task/task_runner/standard_task_runner.py:70 DeprecationWarning: This process (pid=236) is multi-threaded, use of fork() may lead to deadlocks in the child.
[2025-03-21T12:14:33.142+0000] {standard_task_runner.py:72} INFO - Started process 244 to run task
[2025-03-21T12:14:33.140+0000] {standard_task_runner.py:104} INFO - Running: ['***', 'tasks', 'run', 'download_and_upload_rates', 'download_file_3', 'manual__2025-03-21T12:14:31.643436+00:00', '--job-id', '22', '--raw', '--subdir', 'DAGS_FOLDER/main.py', '--cfg-path', '/tmp/tmp6b6qeo9_']
[2025-03-21T12:14:33.150+0000] {standard_task_runner.py:105} INFO - Job 22: Subtask download_file_3
[2025-03-21T12:14:33.178+0000] {logging_mixin.py:190} WARNING - /home/***/.local/lib/python3.12/site-packages/***/settings.py:209 DeprecationWarning: The sql_alchemy_conn option in [core] has been moved to the sql_alchemy_conn option in [database] - the old setting has been used, but please update your config.
[2025-03-21T12:14:33.234+0000] {task_command.py:467} INFO - Running <TaskInstance: download_and_upload_rates.download_file_3 manual__2025-03-21T12:14:31.643436+00:00 [running]> on host b75a64e331db
[2025-03-21T12:14:33.377+0000] {taskinstance.py:3134} INFO - Exporting env vars: AIRFLOW_CTX_DAG_OWNER='***' AIRFLOW_CTX_DAG_ID='download_and_upload_rates' AIRFLOW_CTX_TASK_ID='download_file_3' AIRFLOW_CTX_EXECUTION_DATE='2025-03-21T12:14:31.643436+00:00' AIRFLOW_CTX_TRY_NUMBER='1' AIRFLOW_CTX_DAG_RUN_ID='manual__2025-03-21T12:14:31.643436+00:00'
[2025-03-21T12:14:33.381+0000] {taskinstance.py:732} INFO - ::endgroup::
[2025-03-21T12:14:34.407+0000] {logging_mixin.py:190} INFO - Archivo descargado en: storage/2025-03-21/rates_2025-03-24.csv
[2025-03-21T12:14:34.409+0000] {python.py:240} INFO - Done. Returned value was: None
[2025-03-21T12:14:34.437+0000] {taskinstance.py:341} INFO - ::group::Post task execution logs
[2025-03-21T12:14:34.438+0000] {taskinstance.py:353} INFO - Marking task as SUCCESS. dag_id=download_and_upload_rates, task_id=download_file_3, run_id=manual__2025-03-21T12:14:31.643436+00:00, execution_date=20250321T121431, start_date=20250321T121433, end_date=20250321T121434
[2025-03-21T12:14:34.495+0000] {local_task_job_runner.py:266} INFO - Task exited with return code 0
[2025-03-21T12:14:34.518+0000] {taskinstance.py:3901} INFO - 0 downstream tasks scheduled from follow-on schedule check
[2025-03-21T12:14:34.521+0000] {local_task_job_runner.py:245} INFO - ::endgroup::
