[2025-03-21T12:25:00.585+0000] {local_task_job_runner.py:123} INFO - ::group::Pre task execution logs
[2025-03-21T12:25:00.763+0000] {taskinstance.py:2614} INFO - Dependencies all met for dep_context=non-requeueable deps ti=<TaskInstance: download_and_upload_rates.download_file_2 manual__2025-03-21T12:24:58.071923+00:00 [queued]>
[2025-03-21T12:25:00.820+0000] {taskinstance.py:2614} INFO - Dependencies all met for dep_context=requeueable deps ti=<TaskInstance: download_and_upload_rates.download_file_2 manual__2025-03-21T12:24:58.071923+00:00 [queued]>
[2025-03-21T12:25:00.828+0000] {taskinstance.py:2867} INFO - Starting attempt 1 of 2
[2025-03-21T12:25:00.895+0000] {taskinstance.py:2890} INFO - Executing <Task(PythonOperator): download_file_2> on 2025-03-21 12:24:58.071923+00:00
[2025-03-21T12:25:00.947+0000] {logging_mixin.py:190} WARNING - /home/***/.local/lib/python3.12/site-packages/***/task/task_runner/standard_task_runner.py:70 DeprecationWarning: This process (pid=183) is multi-threaded, use of fork() may lead to deadlocks in the child.
[2025-03-21T12:25:00.952+0000] {standard_task_runner.py:72} INFO - Started process 191 to run task
[2025-03-21T12:25:00.936+0000] {standard_task_runner.py:104} INFO - Running: ['***', 'tasks', 'run', 'download_and_upload_rates', 'download_file_2', 'manual__2025-03-21T12:24:58.071923+00:00', '--job-id', '30', '--raw', '--subdir', 'DAGS_FOLDER/main.py', '--cfg-path', '/tmp/tmphbq1qa8_']
[2025-03-21T12:25:00.961+0000] {standard_task_runner.py:105} INFO - Job 30: Subtask download_file_2
[2025-03-21T12:25:01.045+0000] {logging_mixin.py:190} WARNING - /home/***/.local/lib/python3.12/site-packages/***/settings.py:209 DeprecationWarning: The sql_alchemy_conn option in [core] has been moved to the sql_alchemy_conn option in [database] - the old setting has been used, but please update your config.
[2025-03-21T12:25:01.242+0000] {task_command.py:467} INFO - Running <TaskInstance: download_and_upload_rates.download_file_2 manual__2025-03-21T12:24:58.071923+00:00 [running]> on host b3757594f4da
[2025-03-21T12:25:02.670+0000] {taskinstance.py:3134} INFO - Exporting env vars: AIRFLOW_CTX_DAG_OWNER='***' AIRFLOW_CTX_DAG_ID='download_and_upload_rates' AIRFLOW_CTX_TASK_ID='download_file_2' AIRFLOW_CTX_EXECUTION_DATE='2025-03-21T12:24:58.071923+00:00' AIRFLOW_CTX_TRY_NUMBER='1' AIRFLOW_CTX_DAG_RUN_ID='manual__2025-03-21T12:24:58.071923+00:00'
[2025-03-21T12:25:02.686+0000] {taskinstance.py:732} INFO - ::endgroup::
[2025-03-21T12:25:03.837+0000] {logging_mixin.py:190} INFO - Archivo descargado en: storage/2025-03-21/rates_2025-03-23.csv
[2025-03-21T12:25:03.838+0000] {python.py:240} INFO - Done. Returned value was: None
[2025-03-21T12:25:03.850+0000] {taskinstance.py:341} INFO - ::group::Post task execution logs
[2025-03-21T12:25:03.851+0000] {taskinstance.py:353} INFO - Marking task as SUCCESS. dag_id=download_and_upload_rates, task_id=download_file_2, run_id=manual__2025-03-21T12:24:58.071923+00:00, execution_date=20250321T122458, start_date=20250321T122500, end_date=20250321T122503
[2025-03-21T12:25:03.935+0000] {local_task_job_runner.py:266} INFO - Task exited with return code 0
[2025-03-21T12:25:04.003+0000] {taskinstance.py:3901} INFO - 0 downstream tasks scheduled from follow-on schedule check
[2025-03-21T12:25:04.040+0000] {local_task_job_runner.py:245} INFO - ::endgroup::
