[2025-03-21T11:40:15.028+0000] {processor.py:186} INFO - Started process (PID=76) to work on /home/airflow/.local/lib/python3.12/site-packages/airflow/example_dags/example_subdag_operator.py
[2025-03-21T11:40:15.031+0000] {processor.py:914} INFO - Processing file /home/airflow/.local/lib/python3.12/site-packages/airflow/example_dags/example_subdag_operator.py for tasks to queue
[2025-03-21T11:40:15.037+0000] {logging_mixin.py:190} INFO - [2025-03-21T11:40:15.037+0000] {dagbag.py:588} INFO - Filling up the DagBag from /home/airflow/.local/lib/python3.12/site-packages/airflow/example_dags/example_subdag_operator.py
[2025-03-21T11:40:15.106+0000] {processor.py:925} INFO - DAG(s) 'example_subdag_operator.section-1', 'example_subdag_operator.section-2', 'example_subdag_operator' retrieved from /home/airflow/.local/lib/python3.12/site-packages/airflow/example_dags/example_subdag_operator.py
[2025-03-21T11:40:15.191+0000] {logging_mixin.py:190} INFO - [2025-03-21T11:40:15.190+0000] {dag.py:3239} INFO - Sync 3 DAGs
[2025-03-21T11:40:15.242+0000] {logging_mixin.py:190} INFO - [2025-03-21T11:40:15.242+0000] {dag.py:4180} INFO - Setting next_dagrun for example_subdag_operator to 2022-01-01 00:00:00+00:00, run_after=2022-01-01 00:00:00+00:00
[2025-03-21T11:40:15.250+0000] {logging_mixin.py:190} INFO - [2025-03-21T11:40:15.250+0000] {dag.py:4180} INFO - Setting next_dagrun for example_subdag_operator.section-1 to None, run_after=None
[2025-03-21T11:40:15.257+0000] {logging_mixin.py:190} INFO - [2025-03-21T11:40:15.257+0000] {dag.py:4180} INFO - Setting next_dagrun for example_subdag_operator.section-2 to None, run_after=None
[2025-03-21T11:40:15.274+0000] {logging_mixin.py:190} INFO - [2025-03-21T11:40:15.274+0000] {dag.py:3239} INFO - Sync 2 DAGs
[2025-03-21T11:40:15.286+0000] {logging_mixin.py:190} INFO - [2025-03-21T11:40:15.286+0000] {dag.py:4180} INFO - Setting next_dagrun for example_subdag_operator.section-1 to None, run_after=None
[2025-03-21T11:40:15.289+0000] {logging_mixin.py:190} INFO - [2025-03-21T11:40:15.288+0000] {dag.py:4180} INFO - Setting next_dagrun for example_subdag_operator.section-2 to None, run_after=None
[2025-03-21T11:40:15.328+0000] {processor.py:208} INFO - Processing /home/airflow/.local/lib/python3.12/site-packages/airflow/example_dags/example_subdag_operator.py took 0.315 seconds
[2025-03-21T11:40:45.818+0000] {processor.py:186} INFO - Started process (PID=140) to work on /home/airflow/.local/lib/python3.12/site-packages/airflow/example_dags/example_subdag_operator.py
[2025-03-21T11:40:45.819+0000] {processor.py:914} INFO - Processing file /home/airflow/.local/lib/python3.12/site-packages/airflow/example_dags/example_subdag_operator.py for tasks to queue
[2025-03-21T11:40:45.824+0000] {logging_mixin.py:190} INFO - [2025-03-21T11:40:45.823+0000] {dagbag.py:588} INFO - Filling up the DagBag from /home/airflow/.local/lib/python3.12/site-packages/airflow/example_dags/example_subdag_operator.py
[2025-03-21T11:40:45.868+0000] {processor.py:925} INFO - DAG(s) 'example_subdag_operator.section-1', 'example_subdag_operator.section-2', 'example_subdag_operator' retrieved from /home/airflow/.local/lib/python3.12/site-packages/airflow/example_dags/example_subdag_operator.py
[2025-03-21T11:40:45.894+0000] {logging_mixin.py:190} INFO - [2025-03-21T11:40:45.893+0000] {dag.py:3239} INFO - Sync 3 DAGs
[2025-03-21T11:40:45.942+0000] {logging_mixin.py:190} INFO - [2025-03-21T11:40:45.942+0000] {dag.py:4180} INFO - Setting next_dagrun for example_subdag_operator to 2022-01-01 00:00:00+00:00, run_after=2022-01-01 00:00:00+00:00
[2025-03-21T11:40:45.949+0000] {logging_mixin.py:190} INFO - [2025-03-21T11:40:45.949+0000] {dag.py:4180} INFO - Setting next_dagrun for example_subdag_operator.section-1 to None, run_after=None
[2025-03-21T11:40:45.952+0000] {logging_mixin.py:190} INFO - [2025-03-21T11:40:45.951+0000] {dag.py:4180} INFO - Setting next_dagrun for example_subdag_operator.section-2 to None, run_after=None
[2025-03-21T11:40:45.962+0000] {logging_mixin.py:190} INFO - [2025-03-21T11:40:45.961+0000] {dag.py:3239} INFO - Sync 2 DAGs
[2025-03-21T11:40:45.972+0000] {logging_mixin.py:190} INFO - [2025-03-21T11:40:45.971+0000] {dag.py:4180} INFO - Setting next_dagrun for example_subdag_operator.section-1 to None, run_after=None
[2025-03-21T11:40:45.973+0000] {logging_mixin.py:190} INFO - [2025-03-21T11:40:45.972+0000] {dag.py:4180} INFO - Setting next_dagrun for example_subdag_operator.section-2 to None, run_after=None
[2025-03-21T11:40:45.991+0000] {processor.py:208} INFO - Processing /home/airflow/.local/lib/python3.12/site-packages/airflow/example_dags/example_subdag_operator.py took 0.182 seconds
