[2025-03-21T11:40:19.894+0000] {processor.py:186} INFO - Started process (PID=99) to work on /home/airflow/.local/lib/python3.12/site-packages/airflow/example_dags/example_datasets.py
[2025-03-21T11:40:19.895+0000] {processor.py:914} INFO - Processing file /home/airflow/.local/lib/python3.12/site-packages/airflow/example_dags/example_datasets.py for tasks to queue
[2025-03-21T11:40:19.899+0000] {logging_mixin.py:190} INFO - [2025-03-21T11:40:19.898+0000] {dagbag.py:588} INFO - Filling up the DagBag from /home/airflow/.local/lib/python3.12/site-packages/airflow/example_dags/example_datasets.py
[2025-03-21T11:40:21.321+0000] {processor.py:925} INFO - DAG(s) 'dataset_consumes_unknown_never_scheduled', 'consume_1_or_2_with_dataset_expressions', 'dataset_produces_2', 'dataset_consumes_1_and_2', 'dataset_consumes_1_never_scheduled', 'dataset_produces_1', 'dataset_consumes_1', 'consume_1_and_2_with_dataset_expressions', 'conditional_dataset_and_time_based_timetable', 'consume_1_or_both_2_and_3_with_dataset_expressions' retrieved from /home/airflow/.local/lib/python3.12/site-packages/airflow/example_dags/example_datasets.py
[2025-03-21T11:40:21.431+0000] {logging_mixin.py:190} INFO - [2025-03-21T11:40:21.430+0000] {dag.py:3239} INFO - Sync 10 DAGs
[2025-03-21T11:40:21.505+0000] {logging_mixin.py:190} INFO - [2025-03-21T11:40:21.504+0000] {dag.py:4180} INFO - Setting next_dagrun for conditional_dataset_and_time_based_timetable to 2025-03-19 01:00:00+00:00, run_after=2025-03-19 01:00:00+00:00
[2025-03-21T11:40:21.514+0000] {logging_mixin.py:190} INFO - [2025-03-21T11:40:21.513+0000] {dag.py:4180} INFO - Setting next_dagrun for consume_1_and_2_with_dataset_expressions to None, run_after=None
[2025-03-21T11:40:21.517+0000] {logging_mixin.py:190} INFO - [2025-03-21T11:40:21.516+0000] {dag.py:4180} INFO - Setting next_dagrun for consume_1_or_2_with_dataset_expressions to None, run_after=None
[2025-03-21T11:40:21.521+0000] {logging_mixin.py:190} INFO - [2025-03-21T11:40:21.520+0000] {dag.py:4180} INFO - Setting next_dagrun for consume_1_or_both_2_and_3_with_dataset_expressions to None, run_after=None
[2025-03-21T11:40:21.524+0000] {logging_mixin.py:190} INFO - [2025-03-21T11:40:21.524+0000] {dag.py:4180} INFO - Setting next_dagrun for dataset_consumes_1 to None, run_after=None
[2025-03-21T11:40:21.528+0000] {logging_mixin.py:190} INFO - [2025-03-21T11:40:21.528+0000] {dag.py:4180} INFO - Setting next_dagrun for dataset_consumes_1_and_2 to None, run_after=None
[2025-03-21T11:40:21.531+0000] {logging_mixin.py:190} INFO - [2025-03-21T11:40:21.531+0000] {dag.py:4180} INFO - Setting next_dagrun for dataset_consumes_1_never_scheduled to None, run_after=None
[2025-03-21T11:40:21.534+0000] {logging_mixin.py:190} INFO - [2025-03-21T11:40:21.534+0000] {dag.py:4180} INFO - Setting next_dagrun for dataset_consumes_unknown_never_scheduled to None, run_after=None
[2025-03-21T11:40:21.540+0000] {logging_mixin.py:190} INFO - [2025-03-21T11:40:21.539+0000] {dag.py:4180} INFO - Setting next_dagrun for dataset_produces_1 to 2025-03-20 00:00:00+00:00, run_after=2025-03-21 00:00:00+00:00
[2025-03-21T11:40:21.542+0000] {logging_mixin.py:190} INFO - [2025-03-21T11:40:21.542+0000] {dag.py:4180} INFO - Setting next_dagrun for dataset_produces_2 to None, run_after=None
[2025-03-21T11:40:21.619+0000] {processor.py:208} INFO - Processing /home/airflow/.local/lib/python3.12/site-packages/airflow/example_dags/example_datasets.py took 1.733 seconds
[2025-03-21T11:40:52.187+0000] {processor.py:186} INFO - Started process (PID=165) to work on /home/airflow/.local/lib/python3.12/site-packages/airflow/example_dags/example_datasets.py
[2025-03-21T11:40:52.188+0000] {processor.py:914} INFO - Processing file /home/airflow/.local/lib/python3.12/site-packages/airflow/example_dags/example_datasets.py for tasks to queue
[2025-03-21T11:40:52.191+0000] {logging_mixin.py:190} INFO - [2025-03-21T11:40:52.190+0000] {dagbag.py:588} INFO - Filling up the DagBag from /home/airflow/.local/lib/python3.12/site-packages/airflow/example_dags/example_datasets.py
[2025-03-21T11:40:52.996+0000] {processor.py:925} INFO - DAG(s) 'dataset_produces_1', 'consume_1_or_both_2_and_3_with_dataset_expressions', 'dataset_consumes_1_never_scheduled', 'dataset_consumes_unknown_never_scheduled', 'dataset_produces_2', 'consume_1_and_2_with_dataset_expressions', 'dataset_consumes_1_and_2', 'dataset_consumes_1', 'consume_1_or_2_with_dataset_expressions', 'conditional_dataset_and_time_based_timetable' retrieved from /home/airflow/.local/lib/python3.12/site-packages/airflow/example_dags/example_datasets.py
[2025-03-21T11:40:53.060+0000] {logging_mixin.py:190} INFO - [2025-03-21T11:40:53.060+0000] {dag.py:3239} INFO - Sync 10 DAGs
[2025-03-21T11:40:53.098+0000] {logging_mixin.py:190} INFO - [2025-03-21T11:40:53.098+0000] {dag.py:4180} INFO - Setting next_dagrun for conditional_dataset_and_time_based_timetable to 2025-03-19 01:00:00+00:00, run_after=2025-03-19 01:00:00+00:00
[2025-03-21T11:40:53.105+0000] {logging_mixin.py:190} INFO - [2025-03-21T11:40:53.104+0000] {dag.py:4180} INFO - Setting next_dagrun for consume_1_and_2_with_dataset_expressions to None, run_after=None
[2025-03-21T11:40:53.108+0000] {logging_mixin.py:190} INFO - [2025-03-21T11:40:53.108+0000] {dag.py:4180} INFO - Setting next_dagrun for consume_1_or_2_with_dataset_expressions to None, run_after=None
[2025-03-21T11:40:53.111+0000] {logging_mixin.py:190} INFO - [2025-03-21T11:40:53.110+0000] {dag.py:4180} INFO - Setting next_dagrun for consume_1_or_both_2_and_3_with_dataset_expressions to None, run_after=None
[2025-03-21T11:40:53.113+0000] {logging_mixin.py:190} INFO - [2025-03-21T11:40:53.113+0000] {dag.py:4180} INFO - Setting next_dagrun for dataset_consumes_1 to None, run_after=None
[2025-03-21T11:40:53.116+0000] {logging_mixin.py:190} INFO - [2025-03-21T11:40:53.116+0000] {dag.py:4180} INFO - Setting next_dagrun for dataset_consumes_1_and_2 to None, run_after=None
[2025-03-21T11:40:53.119+0000] {logging_mixin.py:190} INFO - [2025-03-21T11:40:53.118+0000] {dag.py:4180} INFO - Setting next_dagrun for dataset_consumes_1_never_scheduled to None, run_after=None
[2025-03-21T11:40:53.121+0000] {logging_mixin.py:190} INFO - [2025-03-21T11:40:53.120+0000] {dag.py:4180} INFO - Setting next_dagrun for dataset_consumes_unknown_never_scheduled to None, run_after=None
[2025-03-21T11:40:53.126+0000] {logging_mixin.py:190} INFO - [2025-03-21T11:40:53.125+0000] {dag.py:4180} INFO - Setting next_dagrun for dataset_produces_1 to 2025-03-20 00:00:00+00:00, run_after=2025-03-21 00:00:00+00:00
[2025-03-21T11:40:53.128+0000] {logging_mixin.py:190} INFO - [2025-03-21T11:40:53.128+0000] {dag.py:4180} INFO - Setting next_dagrun for dataset_produces_2 to None, run_after=None
[2025-03-21T11:40:53.187+0000] {processor.py:208} INFO - Processing /home/airflow/.local/lib/python3.12/site-packages/airflow/example_dags/example_datasets.py took 1.008 seconds
