[2025-03-21T11:40:16.501+0000] {processor.py:186} INFO - Started process (PID=82) to work on /home/airflow/.local/lib/python3.12/site-packages/airflow/example_dags/example_dataset_alias.py
[2025-03-21T11:40:16.509+0000] {processor.py:914} INFO - Processing file /home/airflow/.local/lib/python3.12/site-packages/airflow/example_dags/example_dataset_alias.py for tasks to queue
[2025-03-21T11:40:16.516+0000] {logging_mixin.py:190} INFO - [2025-03-21T11:40:16.515+0000] {dagbag.py:588} INFO - Filling up the DagBag from /home/airflow/.local/lib/python3.12/site-packages/airflow/example_dags/example_dataset_alias.py
[2025-03-21T11:40:17.963+0000] {processor.py:925} INFO - DAG(s) 'dataset_alias_example_alias_producer', 'dataset_s3_bucket_consumer', 'dataset_alias_example_alias_consumer', 'dataset_s3_bucket_producer' retrieved from /home/airflow/.local/lib/python3.12/site-packages/airflow/example_dags/example_dataset_alias.py
[2025-03-21T11:40:18.018+0000] {logging_mixin.py:190} INFO - [2025-03-21T11:40:18.017+0000] {dag.py:3239} INFO - Sync 4 DAGs
[2025-03-21T11:40:18.059+0000] {logging_mixin.py:190} INFO - [2025-03-21T11:40:18.059+0000] {dag.py:4180} INFO - Setting next_dagrun for dataset_alias_example_alias_consumer to None, run_after=None
[2025-03-21T11:40:18.066+0000] {logging_mixin.py:190} INFO - [2025-03-21T11:40:18.065+0000] {dag.py:4180} INFO - Setting next_dagrun for dataset_alias_example_alias_producer to None, run_after=None
[2025-03-21T11:40:18.068+0000] {logging_mixin.py:190} INFO - [2025-03-21T11:40:18.068+0000] {dag.py:4180} INFO - Setting next_dagrun for dataset_s3_bucket_consumer to None, run_after=None
[2025-03-21T11:40:18.071+0000] {logging_mixin.py:190} INFO - [2025-03-21T11:40:18.070+0000] {dag.py:4180} INFO - Setting next_dagrun for dataset_s3_bucket_producer to None, run_after=None
[2025-03-21T11:40:18.105+0000] {processor.py:208} INFO - Processing /home/airflow/.local/lib/python3.12/site-packages/airflow/example_dags/example_dataset_alias.py took 1.624 seconds
[2025-03-21T11:40:48.197+0000] {processor.py:186} INFO - Started process (PID=150) to work on /home/airflow/.local/lib/python3.12/site-packages/airflow/example_dags/example_dataset_alias.py
[2025-03-21T11:40:48.198+0000] {processor.py:914} INFO - Processing file /home/airflow/.local/lib/python3.12/site-packages/airflow/example_dags/example_dataset_alias.py for tasks to queue
[2025-03-21T11:40:48.202+0000] {logging_mixin.py:190} INFO - [2025-03-21T11:40:48.202+0000] {dagbag.py:588} INFO - Filling up the DagBag from /home/airflow/.local/lib/python3.12/site-packages/airflow/example_dags/example_dataset_alias.py
[2025-03-21T11:40:49.120+0000] {processor.py:925} INFO - DAG(s) 'dataset_alias_example_alias_consumer', 'dataset_alias_example_alias_producer', 'dataset_s3_bucket_producer', 'dataset_s3_bucket_consumer' retrieved from /home/airflow/.local/lib/python3.12/site-packages/airflow/example_dags/example_dataset_alias.py
[2025-03-21T11:40:49.156+0000] {logging_mixin.py:190} INFO - [2025-03-21T11:40:49.155+0000] {dag.py:3239} INFO - Sync 4 DAGs
[2025-03-21T11:40:49.190+0000] {logging_mixin.py:190} INFO - [2025-03-21T11:40:49.190+0000] {dag.py:4180} INFO - Setting next_dagrun for dataset_alias_example_alias_consumer to None, run_after=None
[2025-03-21T11:40:49.194+0000] {logging_mixin.py:190} INFO - [2025-03-21T11:40:49.194+0000] {dag.py:4180} INFO - Setting next_dagrun for dataset_alias_example_alias_producer to None, run_after=None
[2025-03-21T11:40:49.197+0000] {logging_mixin.py:190} INFO - [2025-03-21T11:40:49.197+0000] {dag.py:4180} INFO - Setting next_dagrun for dataset_s3_bucket_consumer to None, run_after=None
[2025-03-21T11:40:49.199+0000] {logging_mixin.py:190} INFO - [2025-03-21T11:40:49.199+0000] {dag.py:4180} INFO - Setting next_dagrun for dataset_s3_bucket_producer to None, run_after=None
[2025-03-21T11:40:49.232+0000] {processor.py:208} INFO - Processing /home/airflow/.local/lib/python3.12/site-packages/airflow/example_dags/example_dataset_alias.py took 1.044 seconds
